<?xml version="1.0" encoding="UTF-8"?>
<testsuite xmlns:xsi="http://www.w3.org/2001/XMLSchema-instance" xsi:noNamespaceSchemaLocation="https://maven.apache.org/surefire/maven-surefire-plugin/xsd/surefire-test-report-3.0.xsd" version="3.0" name="org.sonar.samples.java.MyJavaRulesDefinitionTest" time="0.124" tests="1" errors="0" skipped="0" failures="0">
  <properties>
    <property name="sun.desktop" value="windows"/>
    <property name="awt.toolkit" value="sun.awt.windows.WToolkit"/>
    <property name="file.encoding.pkg" value="sun.io"/>
    <property name="java.specification.version" value="1.8"/>
    <property name="sun.cpu.isalist" value="amd64"/>
    <property name="sun.jnu.encoding" value="Cp1252"/>
    <property name="java.class.path" value="C:\Users\thall\Downloads\sonar-java-master\sonar-java-master\docs\java-custom-rules-example\target\test-classes;C:\Users\thall\Downloads\sonar-java-master\sonar-java-master\docs\java-custom-rules-example\target\classes;C:\Users\thall\.m2\repository\org\sonarsource\sonarqube\sonar-plugin-api\8.9.0.43852\sonar-plugin-api-8.9.0.43852.jar;C:\Users\thall\.m2\repository\org\sonarsource\java\sonar-java-plugin\6.15.1.26025\sonar-java-plugin-6.15.1.26025.jar;C:\Users\thall\.m2\repository\org\sonarsource\java\java-surefire\6.15.1.26025\java-surefire-6.15.1.26025.jar;C:\Users\thall\.m2\repository\com\fasterxml\staxmate\staxmate\2.4.0\staxmate-2.4.0.jar;C:\Users\thall\.m2\repository\org\codehaus\woodstox\stax2-api\4.2.1\stax2-api-4.2.1.jar;C:\Users\thall\.m2\repository\org\sonarsource\java\java-frontend\6.15.1.26025\java-frontend-6.15.1.26025.jar;C:\Users\thall\.m2\repository\org\sonarsource\java\jdt\6.15.1.26025\jdt-6.15.1.26025-shaded.jar;C:\Users\thall\.m2\repository\org\eclipse\jdt\org.eclipse.jdt.core\3.25.0\org.eclipse.jdt.core-3.25.0.jar;C:\Users\thall\.m2\repository\org\eclipse\platform\org.eclipse.core.resources\3.18.0\org.eclipse.core.resources-3.18.0.jar;C:\Users\thall\.m2\repository\org\eclipse\platform\org.eclipse.osgi\3.18.100\org.eclipse.osgi-3.18.100.jar;C:\Users\thall\.m2\repository\org\eclipse\platform\org.eclipse.core.runtime\3.26.0\org.eclipse.core.runtime-3.26.0.jar;C:\Users\thall\.m2\repository\org\eclipse\platform\org.eclipse.equinox.common\3.16.200\org.eclipse.equinox.common-3.16.200.jar;C:\Users\thall\.m2\repository\org\eclipse\platform\org.eclipse.core.jobs\3.13.100\org.eclipse.core.jobs-3.13.100.jar;C:\Users\thall\.m2\repository\org\eclipse\platform\org.eclipse.equinox.preferences\3.10.100\org.eclipse.equinox.preferences-3.10.100.jar;C:\Users\thall\.m2\repository\org\osgi\org.osgi.service.prefs\1.1.2\org.osgi.service.prefs-1.1.2.jar;C:\Users\thall\.m2\repository\org\osgi\osgi.annotation\8.0.1\osgi.annotation-8.0.1.jar;C:\Users\thall\.m2\repository\org\eclipse\platform\org.eclipse.core.contenttype\3.8.200\org.eclipse.core.contenttype-3.8.200.jar;C:\Users\thall\.m2\repository\org\eclipse\platform\org.eclipse.text\3.12.200\org.eclipse.text-3.12.200.jar;C:\Users\thall\.m2\repository\org\eclipse\platform\org.eclipse.core.commands\3.10.200\org.eclipse.core.commands-3.10.200.jar;C:\Users\thall\.m2\repository\org\sonarsource\sslr\sslr-core\1.24.0.633\sslr-core-1.24.0.633.jar;C:\Users\thall\.m2\repository\org\apache\commons\commons-lang3\3.12.0\commons-lang3-3.12.0.jar;C:\Users\thall\.m2\repository\org\sonarsource\analyzer-commons\sonar-regex-parsing\1.14.1.690\sonar-regex-parsing-1.14.1.690.jar;C:\Users\thall\.m2\repository\org\sonarsource\java\java-symbolic-execution\6.15.1.26025\java-symbolic-execution-6.15.1.26025.jar;C:\Users\thall\.m2\repository\org\sonarsource\java\java-checks\6.15.1.26025\java-checks-6.15.1.26025.jar;C:\Users\thall\.m2\repository\org\sonarsource\analyzer-commons\sonar-analyzer-recognizers\1.14.1.690\sonar-analyzer-recognizers-1.14.1.690.jar;C:\Users\thall\.m2\repository\commons-lang\commons-lang\2.6\commons-lang-2.6.jar;C:\Users\thall\.m2\repository\org\sonarsource\java\external-reports\6.15.1.26025\external-reports-6.15.1.26025.jar;C:\Users\thall\.m2\repository\org\sonarsource\java\java-jsp\6.15.1.26025\java-jsp-6.15.1.26025.jar;C:\Users\thall\.m2\repository\org\apache\tomcat\embed\tomcat-embed-jasper\9.0.33\tomcat-embed-jasper-9.0.33.jar;C:\Users\thall\.m2\repository\org\apache\tomcat\embed\tomcat-embed-core\9.0.33\tomcat-embed-core-9.0.33.jar;C:\Users\thall\.m2\repository\org\apache\tomcat\tomcat-annotations-api\9.0.33\tomcat-annotations-api-9.0.33.jar;C:\Users\thall\.m2\repository\org\apache\tomcat\embed\tomcat-embed-el\9.0.33\tomcat-embed-el-9.0.33.jar;C:\Users\thall\.m2\repository\org\sonarsource\analyzer-commons\sonar-xml-parsing\1.14.1.690\sonar-xml-parsing-1.14.1.690.jar;C:\Users\thall\.m2\repository\xerces\xercesImpl\2.12.0\xercesImpl-2.12.0.jar;C:\Users\thall\.m2\repository\xml-apis\xml-apis\1.4.01\xml-apis-1.4.01.jar;C:\Users\thall\.m2\repository\com\fasterxml\woodstox\woodstox-core\5.2.0\woodstox-core-5.2.0.jar;C:\Users\thall\.m2\repository\org\sonarsource\analyzer-commons\sonar-analyzer-commons\1.24.0.965\sonar-analyzer-commons-1.24.0.965.jar;C:\Users\thall\.m2\repository\org\sonarsource\java\java-checks-testkit\6.15.1.26025\java-checks-testkit-6.15.1.26025.jar;C:\Users\thall\.m2\repository\com\google\code\gson\gson\2.8.6\gson-2.8.6.jar;C:\Users\thall\.m2\repository\com\google\code\findbugs\jsr305\3.0.2\jsr305-3.0.2.jar;C:\Users\thall\.m2\repository\org\junit\jupiter\junit-jupiter\5.7.0\junit-jupiter-5.7.0.jar;C:\Users\thall\.m2\repository\org\junit\jupiter\junit-jupiter-api\5.7.0\junit-jupiter-api-5.7.0.jar;C:\Users\thall\.m2\repository\org\opentest4j\opentest4j\1.2.0\opentest4j-1.2.0.jar;C:\Users\thall\.m2\repository\org\junit\platform\junit-platform-commons\1.7.0\junit-platform-commons-1.7.0.jar;C:\Users\thall\.m2\repository\org\junit\jupiter\junit-jupiter-params\5.7.0\junit-jupiter-params-5.7.0.jar;C:\Users\thall\.m2\repository\org\junit\jupiter\junit-jupiter-engine\5.7.0\junit-jupiter-engine-5.7.0.jar;C:\Users\thall\.m2\repository\org\junit\platform\junit-platform-engine\1.7.0\junit-platform-engine-1.7.0.jar;C:\Users\thall\.m2\repository\org\junit\jupiter\junit-jupiter-migrationsupport\5.7.0\junit-jupiter-migrationsupport-5.7.0.jar;C:\Users\thall\.m2\repository\junit\junit\4.13\junit-4.13.jar;C:\Users\thall\.m2\repository\org\hamcrest\hamcrest-core\1.3\hamcrest-core-1.3.jar;C:\Users\thall\.m2\repository\org\apiguardian\apiguardian-api\1.1.0\apiguardian-api-1.1.0.jar;C:\Users\thall\.m2\repository\org\assertj\assertj-core\3.19.0\assertj-core-3.19.0.jar;"/>
    <property name="java.vm.vendor" value="Oracle Corporation"/>
    <property name="sun.arch.data.model" value="64"/>
    <property name="user.variant" value=""/>
    <property name="java.vendor.url" value="http://java.oracle.com/"/>
    <property name="user.timezone" value="America/Chicago"/>
    <property name="java.vm.specification.version" value="1.8"/>
    <property name="os.name" value="Windows 10"/>
    <property name="user.country" value="US"/>
    <property name="sun.java.launcher" value="SUN_STANDARD"/>
    <property name="sun.boot.library.path" value="C:\Program Files\Java\jdk1.8.0_202\jre\bin"/>
    <property name="sun.java.command" value="C:\Users\thall\AppData\Local\Temp\surefire6919456559413603084\surefirebooter-20221116205151204_3.jar C:\Users\thall\AppData\Local\Temp\surefire6919456559413603084 2022-11-16T20-51-50_718-jvmRun1 surefire-20221116205151204_1tmp surefire_0-20221116205151204_2tmp"/>
    <property name="surefire.test.class.path" value="C:\Users\thall\Downloads\sonar-java-master\sonar-java-master\docs\java-custom-rules-example\target\test-classes;C:\Users\thall\Downloads\sonar-java-master\sonar-java-master\docs\java-custom-rules-example\target\classes;C:\Users\thall\.m2\repository\org\sonarsource\sonarqube\sonar-plugin-api\8.9.0.43852\sonar-plugin-api-8.9.0.43852.jar;C:\Users\thall\.m2\repository\org\sonarsource\java\sonar-java-plugin\6.15.1.26025\sonar-java-plugin-6.15.1.26025.jar;C:\Users\thall\.m2\repository\org\sonarsource\java\java-surefire\6.15.1.26025\java-surefire-6.15.1.26025.jar;C:\Users\thall\.m2\repository\com\fasterxml\staxmate\staxmate\2.4.0\staxmate-2.4.0.jar;C:\Users\thall\.m2\repository\org\codehaus\woodstox\stax2-api\4.2.1\stax2-api-4.2.1.jar;C:\Users\thall\.m2\repository\org\sonarsource\java\java-frontend\6.15.1.26025\java-frontend-6.15.1.26025.jar;C:\Users\thall\.m2\repository\org\sonarsource\java\jdt\6.15.1.26025\jdt-6.15.1.26025-shaded.jar;C:\Users\thall\.m2\repository\org\eclipse\jdt\org.eclipse.jdt.core\3.25.0\org.eclipse.jdt.core-3.25.0.jar;C:\Users\thall\.m2\repository\org\eclipse\platform\org.eclipse.core.resources\3.18.0\org.eclipse.core.resources-3.18.0.jar;C:\Users\thall\.m2\repository\org\eclipse\platform\org.eclipse.osgi\3.18.100\org.eclipse.osgi-3.18.100.jar;C:\Users\thall\.m2\repository\org\eclipse\platform\org.eclipse.core.runtime\3.26.0\org.eclipse.core.runtime-3.26.0.jar;C:\Users\thall\.m2\repository\org\eclipse\platform\org.eclipse.equinox.common\3.16.200\org.eclipse.equinox.common-3.16.200.jar;C:\Users\thall\.m2\repository\org\eclipse\platform\org.eclipse.core.jobs\3.13.100\org.eclipse.core.jobs-3.13.100.jar;C:\Users\thall\.m2\repository\org\eclipse\platform\org.eclipse.equinox.preferences\3.10.100\org.eclipse.equinox.preferences-3.10.100.jar;C:\Users\thall\.m2\repository\org\osgi\org.osgi.service.prefs\1.1.2\org.osgi.service.prefs-1.1.2.jar;C:\Users\thall\.m2\repository\org\osgi\osgi.annotation\8.0.1\osgi.annotation-8.0.1.jar;C:\Users\thall\.m2\repository\org\eclipse\platform\org.eclipse.core.contenttype\3.8.200\org.eclipse.core.contenttype-3.8.200.jar;C:\Users\thall\.m2\repository\org\eclipse\platform\org.eclipse.text\3.12.200\org.eclipse.text-3.12.200.jar;C:\Users\thall\.m2\repository\org\eclipse\platform\org.eclipse.core.commands\3.10.200\org.eclipse.core.commands-3.10.200.jar;C:\Users\thall\.m2\repository\org\sonarsource\sslr\sslr-core\1.24.0.633\sslr-core-1.24.0.633.jar;C:\Users\thall\.m2\repository\org\apache\commons\commons-lang3\3.12.0\commons-lang3-3.12.0.jar;C:\Users\thall\.m2\repository\org\sonarsource\analyzer-commons\sonar-regex-parsing\1.14.1.690\sonar-regex-parsing-1.14.1.690.jar;C:\Users\thall\.m2\repository\org\sonarsource\java\java-symbolic-execution\6.15.1.26025\java-symbolic-execution-6.15.1.26025.jar;C:\Users\thall\.m2\repository\org\sonarsource\java\java-checks\6.15.1.26025\java-checks-6.15.1.26025.jar;C:\Users\thall\.m2\repository\org\sonarsource\analyzer-commons\sonar-analyzer-recognizers\1.14.1.690\sonar-analyzer-recognizers-1.14.1.690.jar;C:\Users\thall\.m2\repository\commons-lang\commons-lang\2.6\commons-lang-2.6.jar;C:\Users\thall\.m2\repository\org\sonarsource\java\external-reports\6.15.1.26025\external-reports-6.15.1.26025.jar;C:\Users\thall\.m2\repository\org\sonarsource\java\java-jsp\6.15.1.26025\java-jsp-6.15.1.26025.jar;C:\Users\thall\.m2\repository\org\apache\tomcat\embed\tomcat-embed-jasper\9.0.33\tomcat-embed-jasper-9.0.33.jar;C:\Users\thall\.m2\repository\org\apache\tomcat\embed\tomcat-embed-core\9.0.33\tomcat-embed-core-9.0.33.jar;C:\Users\thall\.m2\repository\org\apache\tomcat\tomcat-annotations-api\9.0.33\tomcat-annotations-api-9.0.33.jar;C:\Users\thall\.m2\repository\org\apache\tomcat\embed\tomcat-embed-el\9.0.33\tomcat-embed-el-9.0.33.jar;C:\Users\thall\.m2\repository\org\sonarsource\analyzer-commons\sonar-xml-parsing\1.14.1.690\sonar-xml-parsing-1.14.1.690.jar;C:\Users\thall\.m2\repository\xerces\xercesImpl\2.12.0\xercesImpl-2.12.0.jar;C:\Users\thall\.m2\repository\xml-apis\xml-apis\1.4.01\xml-apis-1.4.01.jar;C:\Users\thall\.m2\repository\com\fasterxml\woodstox\woodstox-core\5.2.0\woodstox-core-5.2.0.jar;C:\Users\thall\.m2\repository\org\sonarsource\analyzer-commons\sonar-analyzer-commons\1.24.0.965\sonar-analyzer-commons-1.24.0.965.jar;C:\Users\thall\.m2\repository\org\sonarsource\java\java-checks-testkit\6.15.1.26025\java-checks-testkit-6.15.1.26025.jar;C:\Users\thall\.m2\repository\com\google\code\gson\gson\2.8.6\gson-2.8.6.jar;C:\Users\thall\.m2\repository\com\google\code\findbugs\jsr305\3.0.2\jsr305-3.0.2.jar;C:\Users\thall\.m2\repository\org\junit\jupiter\junit-jupiter\5.7.0\junit-jupiter-5.7.0.jar;C:\Users\thall\.m2\repository\org\junit\jupiter\junit-jupiter-api\5.7.0\junit-jupiter-api-5.7.0.jar;C:\Users\thall\.m2\repository\org\opentest4j\opentest4j\1.2.0\opentest4j-1.2.0.jar;C:\Users\thall\.m2\repository\org\junit\platform\junit-platform-commons\1.7.0\junit-platform-commons-1.7.0.jar;C:\Users\thall\.m2\repository\org\junit\jupiter\junit-jupiter-params\5.7.0\junit-jupiter-params-5.7.0.jar;C:\Users\thall\.m2\repository\org\junit\jupiter\junit-jupiter-engine\5.7.0\junit-jupiter-engine-5.7.0.jar;C:\Users\thall\.m2\repository\org\junit\platform\junit-platform-engine\1.7.0\junit-platform-engine-1.7.0.jar;C:\Users\thall\.m2\repository\org\junit\jupiter\junit-jupiter-migrationsupport\5.7.0\junit-jupiter-migrationsupport-5.7.0.jar;C:\Users\thall\.m2\repository\junit\junit\4.13\junit-4.13.jar;C:\Users\thall\.m2\repository\org\hamcrest\hamcrest-core\1.3\hamcrest-core-1.3.jar;C:\Users\thall\.m2\repository\org\apiguardian\apiguardian-api\1.1.0\apiguardian-api-1.1.0.jar;C:\Users\thall\.m2\repository\org\assertj\assertj-core\3.19.0\assertj-core-3.19.0.jar;"/>
    <property name="sun.cpu.endian" value="little"/>
    <property name="user.home" value="C:\Users\thall"/>
    <property name="user.language" value="en"/>
    <property name="java.specification.vendor" value="Oracle Corporation"/>
    <property name="java.home" value="C:\Program Files\Java\jdk1.8.0_202\jre"/>
    <property name="basedir" value="C:\Users\thall\Downloads\sonar-java-master\sonar-java-master\docs\java-custom-rules-example"/>
    <property name="file.separator" value="\"/>
    <property name="line.separator" value="&#10;"/>
    <property name="java.vm.specification.vendor" value="Oracle Corporation"/>
    <property name="java.specification.name" value="Java Platform API Specification"/>
    <property name="java.awt.graphicsenv" value="sun.awt.Win32GraphicsEnvironment"/>
    <property name="surefire.real.class.path" value="C:\Users\thall\AppData\Local\Temp\surefire6919456559413603084\surefirebooter-20221116205151204_3.jar;C:\\Users\\thall\\.m2\\repository\\org\\jacoco\\org.jacoco.agent\\0.8.7\\org.jacoco.agent-0.8.7-runtime.jar"/>
    <property name="sun.boot.class.path" value="C:\Program Files\Java\jdk1.8.0_202\jre\lib\resources.jar;C:\Program Files\Java\jdk1.8.0_202\jre\lib\rt.jar;C:\Program Files\Java\jdk1.8.0_202\jre\lib\sunrsasign.jar;C:\Program Files\Java\jdk1.8.0_202\jre\lib\jsse.jar;C:\Program Files\Java\jdk1.8.0_202\jre\lib\jce.jar;C:\Program Files\Java\jdk1.8.0_202\jre\lib\charsets.jar;C:\Program Files\Java\jdk1.8.0_202\jre\lib\jfr.jar;C:\Program Files\Java\jdk1.8.0_202\jre\classes"/>
    <property name="user.script" value=""/>
    <property name="sun.management.compiler" value="HotSpot 64-Bit Tiered Compilers"/>
    <property name="java.runtime.version" value="1.8.0_202-b08"/>
    <property name="user.name" value="thall"/>
    <property name="path.separator" value=";"/>
    <property name="os.version" value="10.0"/>
    <property name="java.endorsed.dirs" value="C:\Program Files\Java\jdk1.8.0_202\jre\lib\endorsed"/>
    <property name="java.runtime.name" value="Java(TM) SE Runtime Environment"/>
    <property name="file.encoding" value="Cp1252"/>
    <property name="java.vm.name" value="Java HotSpot(TM) 64-Bit Server VM"/>
    <property name="localRepository" value="C:\Users\thall\.m2\repository"/>
    <property name="java.vendor.url.bug" value="http://bugreport.sun.com/bugreport/"/>
    <property name="java.io.tmpdir" value="C:\Users\thall\AppData\Local\Temp\"/>
    <property name="java.version" value="1.8.0_202"/>
    <property name="user.dir" value="C:\Users\thall\Downloads\sonar-java-master\sonar-java-master\docs\java-custom-rules-example"/>
    <property name="os.arch" value="amd64"/>
    <property name="java.vm.specification.name" value="Java Virtual Machine Specification"/>
    <property name="java.awt.printerjob" value="sun.awt.windows.WPrinterJob"/>
    <property name="sun.os.patch.level" value=""/>
    <property name="java.library.path" value="C:\Program Files\Java\jdk1.8.0_202\jre\bin;C:\windows\Sun\Java\bin;C:\windows\system32;C:\windows;C:\Program Files\Common Files\Oracle\Java\javapath;C:\Program Files (x86)\Common Files\Oracle\Java\javapath;C:\windows\system32;C:\windows;C:\windows\System32\Wbem;C:\windows\System32\WindowsPowerShell\v1.0\;C:\windows\System32\OpenSSH\;C:\Program Files (x86)\dotnet\;C:\Program Files\Docker\Docker\resources\bin;C:\ProgramData\DockerDesktop\version-bin;&quot;C:\Users\thall\AppData\Local\Microsoft\WindowsApps;C:\softwares\gradle-7.4.2\bin;C:\Program Files\Java\jdk1.8.0_202\bin&quot;;C:\softwares\apache-maven-3.8.6\bin;C:\softwares\sonar-scanner\bin;."/>
    <property name="java.vm.info" value="mixed mode"/>
    <property name="java.vendor" value="Oracle Corporation"/>
    <property name="java.vm.version" value="25.202-b08"/>
    <property name="java.ext.dirs" value="C:\Program Files\Java\jdk1.8.0_202\jre\lib\ext;C:\windows\Sun\Java\lib\ext"/>
    <property name="sun.io.unicode.encoding" value="UnicodeLittle"/>
    <property name="java.class.version" value="52.0"/>
  </properties>
  <testcase name="test" classname="org.sonar.samples.java.MyJavaRulesDefinitionTest" time="0.123"/>
</testsuite>